<?xml version="1.0" encoding="UTF-8"?>
<testsuite xmlns:xsi="http://www.w3.org/2001/XMLSchema-instance" xsi:noNamespaceSchemaLocation="https://maven.apache.org/surefire/maven-surefire-plugin/xsd/surefire-test-report.xsd" version="3.0.2" name="ru.itmo.movie.MovieServiceTest" time="14.805" tests="32" errors="0" skipped="0" failures="0">
  <properties>
[...]
</properties>
  <testcase name="stringTaglineExactFilter" classname="ru.itmo.movie.MovieServiceTest" time="1.419">
    <system-err><![CDATA[9月 20, 2026 7:34:40 下午 org.hibernate.validator.internal.util.Version <clinit>
INFO: HV000001: Hibernate Validator 8.0.2.Final
]]></system-err>
  </testcase>
  <testcase name="nullableRoleSortingIncludesUnrelatedMovies" classname="ru.itmo.movie.MovieServiceTest" time="0.245"/>
  <testcase name="reusableReferencesSurviveMovieDeletion" classname="ru.itmo.movie.MovieServiceTest" time="0.181"/>
  <testcase name="averageEmptyAndNonempty" classname="ru.itmo.movie.MovieServiceTest" time="0.159"/>
  <testcase name="redistributionZeroPool" classname="ru.itmo.movie.MovieServiceTest" time="0.168"/>
  <testcase name="createGeneratedFieldsAndNullableReferences" classname="ru.itmo.movie.MovieServiceTest" time="0.101"/>
  <testcase name="escapedPrefix" classname="ru.itmo.movie.MovieServiceTest" time="0.108"/>
  <testcase name="invalidMovieFieldsRejected" classname="ru.itmo.movie.MovieServiceTest" time="0.109"/>
  <testcase name="databaseConstraintsIndependently" classname="ru.itmo.movie.MovieServiceTest" time="0.084"/>
  <testcase name="duplicatePassport" classname="ru.itmo.movie.MovieServiceTest" time="0.086"/>
  <testcase name="optimisticConflict" classname="ru.itmo.movie.MovieServiceTest" time="0.123"/>
  <testcase name="allPositiveMovieFieldsAtServiceAndDatabase" classname="ru.itmo.movie.MovieServiceTest" time="0.156"/>
  <testcase name="zonedBirthdayRoundTrip" classname="ru.itmo.movie.MovieServiceTest" time="0.062"/>
  <testcase name="awardOverflowRollsBackWholeTransaction" classname="ru.itmo.movie.MovieServiceTest" time="0.1"/>
  <testcase name="redistributionRejectsSameAndEmpty" classname="ru.itmo.movie.MovieServiceTest" time="0.099"/>
  <testcase name="concurrentAwardsHaveNoLostUpdates" classname="ru.itmo.movie.MovieServiceTest" time="0.381"/>
  <testcase name="deleteByBoxOffice" classname="ru.itmo.movie.MovieServiceTest" time="0.088"/>
  <testcase name="nonFiniteRejected" classname="ru.itmo.movie.MovieServiceTest" time="0.053"/>
  <testcase name="revisionOnlyAfterCommit" classname="ru.itmo.movie.MovieServiceTest" time="0.073"/>
  <testcase name="redistributionConservesAwardsAndRemainder" classname="ru.itmo.movie.MovieServiceTest" time="0.199"/>
  <testcase name="requiredRelation" classname="ru.itmo.movie.MovieServiceTest" time="0.114"/>
  <testcase name="exactFilteringSortingPagination" classname="ru.itmo.movie.MovieServiceTest" time="0.142"/>
  <testcase name="pageBoundsAndSortInjection" classname="ru.itmo.movie.MovieServiceTest" time="0.064"/>
  <testcase name="cascadeCoordinates" classname="ru.itmo.movie.MovieServiceTest" time="0.102"/>
  <testcase name="cascadeLocationPersonMovie" classname="ru.itmo.movie.MovieServiceTest" time="0.122"/>
  <testcase name="coordinateBoundary" classname="ru.itmo.movie.MovieServiceTest" time="0.088"/>
  <testcase name="precisionAndRange" classname="ru.itmo.movie.MovieServiceTest" time="0.105"/>
  <testcase name="updateRetainsIdentityAndCreationDate" classname="ru.itmo.movie.MovieServiceTest" time="0.095"/>
  <testcase name="awardStrictBoundary" classname="ru.itmo.movie.MovieServiceTest" time="0.126"/>
  <testcase name="redistributionOverflowRollsBack" classname="ru.itmo.movie.MovieServiceTest" time="0.099"/>
  <testcase name="immutableFieldsRejected" classname="ru.itmo.movie.MovieServiceTest" time="0.085"/>
  <testcase name="personConstraintsAtDatabase" classname="ru.itmo.movie.MovieServiceTest" time="0.123"/>
</testsuite>