<?xml version="1.0" encoding="UTF-8"?>
<testsuite name="PointBean - Hit Check Tests" tests="18" skipped="0" failures="0" errors="0" timestamp="2026-05-25T22:47:15" hostname="LAPTOP-1N96RV1E" time="0.091">
  <properties/>
  <testcase name="Edge cases: points exactly on boundaries" classname="com.itmo.PointBeanTest" time="0.02"/>
  <testcase name="Triangle hit: x=1.0, y=1.0, r=3.0 -&gt; true" classname="com.itmo.PointBeanTest" time="0.014"/>
  <testcase name="Triangle hit: x=0.5, y=0.5, r=1.0 -&gt; true" classname="com.itmo.PointBeanTest" time="0.001"/>
  <testcase name="Triangle hit: x=0.0, y=2.0, r=2.0 -&gt; true" classname="com.itmo.PointBeanTest" time="0.001"/>
  <testcase name="Triangle hit: x=2.0, y=2.0, r=3.0 -&gt; false" classname="com.itmo.PointBeanTest" time="0.001"/>
  <testcase name="Triangle hit: x=2.0, y=1.0, r=2.0 -&gt; false" classname="com.itmo.PointBeanTest" time="0.001"/>
  <testcase name="Rectangle hit: x=1.0, y=-1.0, r=2.0 -&gt; true" classname="com.itmo.PointBeanTest" time="0.0"/>
  <testcase name="Rectangle hit: x=2.0, y=-2.0, r=2.0 -&gt; true" classname="com.itmo.PointBeanTest" time="0.0"/>
  <testcase name="Rectangle hit: x=0.0, y=0.0, r=2.0 -&gt; true" classname="com.itmo.PointBeanTest" time="0.001"/>
  <testcase name="Rectangle hit: x=3.0, y=-1.0, r=2.0 -&gt; false" classname="com.itmo.PointBeanTest" time="0.0"/>
  <testcase name="Rectangle hit: x=1.0, y=-3.0, r=2.0 -&gt; false" classname="com.itmo.PointBeanTest" time="0.001"/>
  <testcase name="Point outside all areas should return false" classname="com.itmo.PointBeanTest" time="0.001"/>
  <testcase name="Circle hit: x=-1.0, y=1.0, r=2.0 -&gt; true" classname="com.itmo.PointBeanTest" time="0.001"/>
  <testcase name="Circle hit: x=-1.5, y=1.0, r=2.0 -&gt; true" classname="com.itmo.PointBeanTest" time="0.0"/>
  <testcase name="Circle hit: x=0.0, y=2.0, r=2.0 -&gt; true" classname="com.itmo.PointBeanTest" time="0.0"/>
  <testcase name="Circle hit: x=-2.0, y=1.0, r=2.0 -&gt; false" classname="com.itmo.PointBeanTest" time="0.0"/>
  <testcase name="Circle hit: x=-2.5, y=1.5, r=2.0 -&gt; false" classname="com.itmo.PointBeanTest" time="0.0"/>
  <testcase name="Parameter validation: null X should return null" classname="com.itmo.PointBeanTest" time="0.001"/>
  <system-out><![CDATA[]]></system-out>
  <system-err><![CDATA[]]></system-err>
</testsuite>
